AgoraAudioKit.plugin/build/outputs/logs/manifest-merger-debug-report.txt
-- Merging decision tree log ---
manifest
ADDED from Teaching\AgoraAudioKit.plugin\AndroidManifest.xml:2:1-18:12
INJECTED from Teaching\AgoraAudioKit.plugin\AndroidManifest.xml:2:1-18:12
INJECTED from Teaching\AgoraAudioKit.plugin\AndroidManifest.xml:2:1-18:12
INJECTED from Teaching\AgoraAudioKit.plugin\AndroidManifest.xml:2:1-18:12
INJECTED from Teaching\AgoraAudioKit.plugin\AndroidManifest.xml:2:1-18:12
INJECTED from Teaching\AgoraAudioKit.plugin\AndroidManifest.xml:2:1-18:12
INJECTED from Teaching\AgoraAudioKit.plugin\AndroidManifest.xml:2:1-18:12
	package
		ADDED from Teaching\AgoraAudioKit.plugin\AndroidManifest.xml:3:11-52
		INJECTED from Teaching\AgoraAudioKit.plugin\AndroidManifest.xml
		INJECTED from Teaching\AgoraAudioKit.plugin\AndroidManifest.xml
	android:versionName
		ADDED from Teaching\AgoraAudioKit.plugin\AndroidManifest.xml:5:11-36
		INJECTED from Teaching\AgoraAudioKit.plugin\AndroidManifest.xml
		INJECTED from Teaching\AgoraAudioKit.plugin\AndroidManifest.xml
	xmlns:android
		ADDED from Teaching\AgoraAudioKit.plugin\AndroidManifest.xml:2:11-69
	android:versionCode
		ADDED from Teaching\AgoraAudioKit.plugin\AndroidManifest.xml:4:11-34
		INJECTED from Teaching\AgoraAudioKit.plugin\AndroidManifest.xml
		INJECTED from Teaching\AgoraAudioKit.plugin\AndroidManifest.xml
uses-permission#android.permission.INTERNET
ADDED from Teaching\AgoraAudioKit.plugin\AndroidManifest.xml:7:5-67
	android:name
		ADDED from Teaching\AgoraAudioKit.plugin\AndroidManifest.xml:7:22-64
uses-permission#android.permission.RECORD_AUDIO
ADDED from Teaching\AgoraAudioKit.plugin\AndroidManifest.xml:8:5-71
	android:name
		ADDED from Teaching\AgoraAudioKit.plugin\AndroidManifest.xml:8:22-68
uses-permission#android.permission.BLUETOOTH
ADDED from Teaching\AgoraAudioKit.plugin\AndroidManifest.xml:9:5-68
	android:name
		ADDED from Teaching\AgoraAudioKit.plugin\AndroidManifest.xml:9:22-65
uses-permission#android.permission.MODIFY_AUDIO_SETTINGS
ADDED from Teaching\AgoraAudioKit.plugin\AndroidManifest.xml:10:5-80
	android:name
		ADDED from Teaching\AgoraAudioKit.plugin\AndroidManifest.xml:10:22-77
uses-permission#android.permission.ACCESS_NETWORK_STATE
ADDED from Teaching\AgoraAudioKit.plugin\AndroidManifest.xml:11:5-79
	android:name
		ADDED from Teaching\AgoraAudioKit.plugin\AndroidManifest.xml:11:22-76
uses-permission#android.permission.ACCESS_WIFI_STATE
ADDED from Teaching\AgoraAudioKit.plugin\AndroidManifest.xml:12:5-76
	android:name
		ADDED from Teaching\AgoraAudioKit.plugin\AndroidManifest.xml:12:22-73
uses-permission#android.permission.WAKE_LOCK
ADDED from Teaching\AgoraAudioKit.plugin\AndroidManifest.xml:13:5-68
	android:name
		ADDED from Teaching\AgoraAudioKit.plugin\AndroidManifest.xml:13:22-65
uses-permission#android.permission.WRITE_EXTERNAL_STORAGE
ADDED from Teaching\AgoraAudioKit.plugin\AndroidManifest.xml:14:5-81
	android:name
		ADDED from Teaching\AgoraAudioKit.plugin\AndroidManifest.xml:14:22-78
uses-permission#android.permission.READ_PHONE_STATE
ADDED from Teaching\AgoraAudioKit.plugin\AndroidManifest.xml:15:5-75
	android:name
		ADDED from Teaching\AgoraAudioKit.plugin\AndroidManifest.xml:15:22-72
uses-permission#android.permission.READ_LOGS
ADDED from Teaching\AgoraAudioKit.plugin\AndroidManifest.xml:16:5-68
	android:name
		ADDED from Teaching\AgoraAudioKit.plugin\AndroidManifest.xml:16:22-65
uses-sdk
INJECTED from Teaching\AgoraAudioKit.plugin\AndroidManifest.xml reason: use-sdk injection requested
INJECTED from Teaching\AgoraAudioKit.plugin\AndroidManifest.xml
INJECTED from Teaching\AgoraAudioKit.plugin\AndroidManifest.xml
	android:targetSdkVersion
		INJECTED from Teaching\AgoraAudioKit.plugin\AndroidManifest.xml
		ADDED from Teaching\AgoraAudioKit.plugin\AndroidManifest.xml
		INJECTED from Teaching\AgoraAudioKit.plugin\AndroidManifest.xml